Determining if the pthread_create exist failed with the following output:
Change Dir: /mnt/data/jwitte/mydealii/source/mytests/WSrun_for_precond/build/CMakeFiles/CMakeTmp

Run Build Command:/usr/bin/make "cmTryCompileExec4034021448/fast"
/usr/bin/make -f CMakeFiles/cmTryCompileExec4034021448.dir/build.make CMakeFiles/cmTryCompileExec4034021448.dir/build
make[1]: Entering directory `/mnt/data/jwitte/mydealii/source/mytests/WSrun_for_precond/build/CMakeFiles/CMakeTmp'
/usr/bin/cmake -E cmake_progress_report /mnt/data/jwitte/mydealii/source/mytests/WSrun_for_precond/build/CMakeFiles/CMakeTmp/CMakeFiles 1
Building C object CMakeFiles/cmTryCompileExec4034021448.dir/CheckSymbolExists.c.o
/usr/bin/cc    -o CMakeFiles/cmTryCompileExec4034021448.dir/CheckSymbolExists.c.o   -c /mnt/data/jwitte/mydealii/source/mytests/WSrun_for_precond/build/CMakeFiles/CMakeTmp/CheckSymbolExists.c
Linking C executable cmTryCompileExec4034021448
/usr/bin/cmake -E cmake_link_script CMakeFiles/cmTryCompileExec4034021448.dir/link.txt --verbose=1
/usr/bin/cc       CMakeFiles/cmTryCompileExec4034021448.dir/CheckSymbolExists.c.o  -o cmTryCompileExec4034021448 -rdynamic 
CMakeFiles/cmTryCompileExec4034021448.dir/CheckSymbolExists.c.o: In function `main':
CheckSymbolExists.c:(.text+0x16): undefined reference to `pthread_create'
collect2: error: ld returned 1 exit status
make[1]: Leaving directory `/mnt/data/jwitte/mydealii/source/mytests/WSrun_for_precond/build/CMakeFiles/CMakeTmp'
make[1]: *** [cmTryCompileExec4034021448] Error 1
make: *** [cmTryCompileExec4034021448/fast] Error 2

File /mnt/data/jwitte/mydealii/source/mytests/WSrun_for_precond/build/CMakeFiles/CMakeTmp/CheckSymbolExists.c:
/* */
#include <pthread.h>

int main(int argc, char** argv)
{
  (void)argv;
#ifndef pthread_create
  return ((int*)(&pthread_create))[argc];
#else
  (void)argc;
  return 0;
#endif
}

Determining if the function pthread_create exists in the pthreads failed with the following output:
Change Dir: /mnt/data/jwitte/mydealii/source/mytests/WSrun_for_precond/build/CMakeFiles/CMakeTmp

Run Build Command:/usr/bin/make "cmTryCompileExec3689154528/fast"
/usr/bin/make -f CMakeFiles/cmTryCompileExec3689154528.dir/build.make CMakeFiles/cmTryCompileExec3689154528.dir/build
make[1]: Entering directory `/mnt/data/jwitte/mydealii/source/mytests/WSrun_for_precond/build/CMakeFiles/CMakeTmp'
/usr/bin/cmake -E cmake_progress_report /mnt/data/jwitte/mydealii/source/mytests/WSrun_for_precond/build/CMakeFiles/CMakeTmp/CMakeFiles 1
Building C object CMakeFiles/cmTryCompileExec3689154528.dir/CheckFunctionExists.c.o
/usr/bin/cc   -DCHECK_FUNCTION_EXISTS=pthread_create   -o CMakeFiles/cmTryCompileExec3689154528.dir/CheckFunctionExists.c.o   -c /usr/share/cmake-2.8/Modules/CheckFunctionExists.c
Linking C executable cmTryCompileExec3689154528
/usr/bin/cmake -E cmake_link_script CMakeFiles/cmTryCompileExec3689154528.dir/link.txt --verbose=1
/usr/bin/cc   -DCHECK_FUNCTION_EXISTS=pthread_create    CMakeFiles/cmTryCompileExec3689154528.dir/CheckFunctionExists.c.o  -o cmTryCompileExec3689154528 -rdynamic -lpthreads 
/usr/bin/ld: cannot find -lpthreads
collect2: error: ld returned 1 exit status
make[1]: Leaving directory `/mnt/data/jwitte/mydealii/source/mytests/WSrun_for_precond/build/CMakeFiles/CMakeTmp'
make[1]: *** [cmTryCompileExec3689154528] Error 1
make: *** [cmTryCompileExec3689154528/fast] Error 2


