Determining if the pthread_create exist failed with the following output:
Change Dir: /mnt/data/jwitte/mydealii/source/mytests/MW_constrhs/build/CMakeFiles/CMakeTmp

Run Build Command:/usr/bin/make "cmTryCompileExec614769510/fast"
/usr/bin/make -f CMakeFiles/cmTryCompileExec614769510.dir/build.make CMakeFiles/cmTryCompileExec614769510.dir/build
make[1]: Entering directory `/mnt/data/jwitte/mydealii/source/mytests/MW_constrhs/build/CMakeFiles/CMakeTmp'
/usr/bin/cmake -E cmake_progress_report /mnt/data/jwitte/mydealii/source/mytests/MW_constrhs/build/CMakeFiles/CMakeTmp/CMakeFiles 1
Building C object CMakeFiles/cmTryCompileExec614769510.dir/CheckSymbolExists.c.o
/usr/bin/cc    -o CMakeFiles/cmTryCompileExec614769510.dir/CheckSymbolExists.c.o   -c /mnt/data/jwitte/mydealii/source/mytests/MW_constrhs/build/CMakeFiles/CMakeTmp/CheckSymbolExists.c
Linking C executable cmTryCompileExec614769510
/usr/bin/cmake -E cmake_link_script CMakeFiles/cmTryCompileExec614769510.dir/link.txt --verbose=1
/usr/bin/cc       CMakeFiles/cmTryCompileExec614769510.dir/CheckSymbolExists.c.o  -o cmTryCompileExec614769510 -rdynamic 
CMakeFiles/cmTryCompileExec614769510.dir/CheckSymbolExists.c.o: In function `main':
CheckSymbolExists.c:(.text+0x16): undefined reference to `pthread_create'
collect2: error: ld returned 1 exit status
make[1]: Leaving directory `/mnt/data/jwitte/mydealii/source/mytests/MW_constrhs/build/CMakeFiles/CMakeTmp'
make[1]: *** [cmTryCompileExec614769510] Error 1
make: *** [cmTryCompileExec614769510/fast] Error 2

File /mnt/data/jwitte/mydealii/source/mytests/MW_constrhs/build/CMakeFiles/CMakeTmp/CheckSymbolExists.c:
/* */
#include <pthread.h>

int main(int argc, char** argv)
{
  (void)argv;
#ifndef pthread_create
  return ((int*)(&pthread_create))[argc];
#else
  (void)argc;
  return 0;
#endif
}

Determining if the function pthread_create exists in the pthreads failed with the following output:
Change Dir: /mnt/data/jwitte/mydealii/source/mytests/MW_constrhs/build/CMakeFiles/CMakeTmp

Run Build Command:/usr/bin/make "cmTryCompileExec1885247655/fast"
/usr/bin/make -f CMakeFiles/cmTryCompileExec1885247655.dir/build.make CMakeFiles/cmTryCompileExec1885247655.dir/build
make[1]: Entering directory `/mnt/data/jwitte/mydealii/source/mytests/MW_constrhs/build/CMakeFiles/CMakeTmp'
/usr/bin/cmake -E cmake_progress_report /mnt/data/jwitte/mydealii/source/mytests/MW_constrhs/build/CMakeFiles/CMakeTmp/CMakeFiles 1
Building C object CMakeFiles/cmTryCompileExec1885247655.dir/CheckFunctionExists.c.o
/usr/bin/cc   -DCHECK_FUNCTION_EXISTS=pthread_create   -o CMakeFiles/cmTryCompileExec1885247655.dir/CheckFunctionExists.c.o   -c /usr/share/cmake-2.8/Modules/CheckFunctionExists.c
Linking C executable cmTryCompileExec1885247655
/usr/bin/cmake -E cmake_link_script CMakeFiles/cmTryCompileExec1885247655.dir/link.txt --verbose=1
/usr/bin/cc   -DCHECK_FUNCTION_EXISTS=pthread_create    CMakeFiles/cmTryCompileExec1885247655.dir/CheckFunctionExists.c.o  -o cmTryCompileExec1885247655 -rdynamic -lpthreads 
/usr/bin/ld: cannot find -lpthreads
collect2: error: ld returned 1 exit status
make[1]: Leaving directory `/mnt/data/jwitte/mydealii/source/mytests/MW_constrhs/build/CMakeFiles/CMakeTmp'
make[1]: *** [cmTryCompileExec1885247655] Error 1
make: *** [cmTryCompileExec1885247655/fast] Error 2


